Analysis & Synthesis report for uart
Tue Feb 11 16:30:37 2020
Quartus Prime Version 17.1.0 Build 590 10/25/2017 SJ Lite Edition


---------------------
; Table of Contents ;
---------------------
  1. Legal Notice
  2. Analysis & Synthesis Summary
  3. Analysis & Synthesis Settings
  4. Parallel Compilation
  5. Analysis & Synthesis Source Files Read
  6. Analysis & Synthesis Resource Usage Summary
  7. Analysis & Synthesis Resource Utilization by Entity
  8. State Machine - |UART|UART_tx:t1|TXState
  9. State Machine - |UART|UART_rx:r1|RXState
 10. Registers Removed During Synthesis
 11. General Register Statistics
 12. Inverted Register Statistics
 13. Multiplexer Restructuring Statistics (Restructuring Performed)
 14. Port Connectivity Checks: "fd:f1"
 15. Port Connectivity Checks: "UART_tx:t1|fd:f1"
 16. Port Connectivity Checks: "UART_tx:t1"
 17. Port Connectivity Checks: "UART_rx:r1|fd:f1"
 18. Port Connectivity Checks: "UART_rx:r1"
 19. Post-Synthesis Netlist Statistics for Top Partition
 20. Elapsed Time Per Partition
 21. Analysis & Synthesis Messages



----------------
; Legal Notice ;
----------------
Copyright (C) 2017  Intel Corporation. All rights reserved.
Your use of Intel Corporation's design tools, logic functions 
and other software and tools, and its AMPP partner logic 
functions, and any output files from any of the foregoing 
(including device programming or simulation files), and any 
associated documentation or information are expressly subject 
to the terms and conditions of the Intel Program License 
Subscription Agreement, the Intel Quartus Prime License Agreement,
the Intel FPGA IP License Agreement, or other applicable license
agreement, including, without limitation, that your use is for
the sole purpose of programming logic devices manufactured by
Intel and sold by Intel or its authorized distributors.  Please
refer to the applicable agreement for further details.



+----------------------------------------------------------------------------------+
; Analysis & Synthesis Summary                                                     ;
+------------------------------------+---------------------------------------------+
; Analysis & Synthesis Status        ; Successful - Tue Feb 11 16:30:37 2020       ;
; Quartus Prime Version              ; 17.1.0 Build 590 10/25/2017 SJ Lite Edition ;
; Revision Name                      ; uart                                        ;
; Top-level Entity Name              ; UART                                        ;
; Family                             ; Cyclone IV E                                ;
; Total logic elements               ; 277                                         ;
;     Total combinational functions  ; 272                                         ;
;     Dedicated logic registers      ; 115                                         ;
; Total registers                    ; 115                                         ;
; Total pins                         ; 12                                          ;
; Total virtual pins                 ; 0                                           ;
; Total memory bits                  ; 0                                           ;
; Embedded Multiplier 9-bit elements ; 0                                           ;
; Total PLLs                         ; 0                                           ;
+------------------------------------+---------------------------------------------+


+----------------------------------------------------------------------------------------------------------------------+
; Analysis & Synthesis Settings                                                                                        ;
+----------------------------------------------------------------------------+--------------------+--------------------+
; Option                                                                     ; Setting            ; Default Value      ;
+----------------------------------------------------------------------------+--------------------+--------------------+
; Device                                                                     ; EP4CE6F17C8        ;                    ;
; Top-level entity name                                                      ; uart               ; uart               ;
; Family name                                                                ; Cyclone IV E       ; Cyclone V          ;
; Use smart compilation                                                      ; Off                ; Off                ;
; Enable parallel Assembler and TimeQuest Timing Analyzer during compilation ; On                 ; On                 ;
; Enable compact report table                                                ; Off                ; Off                ;
; Restructure Multiplexers                                                   ; Auto               ; Auto               ;
; Create Debugging Nodes for IP Cores                                        ; Off                ; Off                ;
; Preserve fewer node names                                                  ; On                 ; On                 ;
; Intel FPGA IP Evaluation Mode                                              ; Enable             ; Enable             ;
; Verilog Version                                                            ; Verilog_2001       ; Verilog_2001       ;
; VHDL Version                                                               ; VHDL_1993          ; VHDL_1993          ;
; State Machine Processing                                                   ; Auto               ; Auto               ;
; Safe State Machine                                                         ; Off                ; Off                ;
; Extract Verilog State Machines                                             ; On                 ; On                 ;
; Extract VHDL State Machines                                                ; On                 ; On                 ;
; Ignore Verilog initial constructs                                          ; Off                ; Off                ;
; Iteration limit for constant Verilog loops                                 ; 5000               ; 5000               ;
; Iteration limit for non-constant Verilog loops                             ; 250                ; 250                ;
; Add Pass-Through Logic to Inferred RAMs                                    ; On                 ; On                 ;
; Infer RAMs from Raw Logic                                                  ; On                 ; On                 ;
; Parallel Synthesis                                                         ; On                 ; On                 ;
; DSP Block Balancing                                                        ; Auto               ; Auto               ;
; NOT Gate Push-Back                                                         ; On                 ; On                 ;
; Power-Up Don't Care                                                        ; On                 ; On                 ;
; Remove Redundant Logic Cells                                               ; Off                ; Off                ;
; Remove Duplicate Registers                                                 ; On                 ; On                 ;
; Ignore CARRY Buffers                                                       ; Off                ; Off                ;
; Ignore CASCADE Buffers                                                     ; Off                ; Off                ;
; Ignore GLOBAL Buffers                                                      ; Off                ; Off                ;
; Ignore ROW GLOBAL Buffers                                                  ; Off                ; Off                ;
; Ignore LCELL Buffers                                                       ; Off                ; Off                ;
; Ignore SOFT Buffers                                                        ; On                 ; On                 ;
; Limit AHDL Integers to 32 Bits                                             ; Off                ; Off                ;
; Optimization Technique                                                     ; Balanced           ; Balanced           ;
; Carry Chain Length                                                         ; 70                 ; 70                 ;
; Auto Carry Chains                                                          ; On                 ; On                 ;
; Auto Open-Drain Pins                                                       ; On                 ; On                 ;
; Perform WYSIWYG Primitive Resynthesis                                      ; Off                ; Off                ;
; Auto ROM Replacement                                                       ; On                 ; On                 ;
; Auto RAM Replacement                                                       ; On                 ; On                 ;
; Auto DSP Block Replacement                                                 ; On                 ; On                 ;
; Auto Shift Register Replacement                                            ; Auto               ; Auto               ;
; Allow Shift Register Merging across Hierarchies                            ; Auto               ; Auto               ;
; Auto Clock Enable Replacement                                              ; On                 ; On                 ;
; Strict RAM Replacement                                                     ; Off                ; Off                ;
; Allow Synchronous Control Signals                                          ; On                 ; On                 ;
; Force Use of Synchronous Clear Signals                                     ; Off                ; Off                ;
; Auto RAM Block Balancing                                                   ; On                 ; On                 ;
; Auto RAM to Logic Cell Conversion                                          ; Off                ; Off                ;
; Auto Resource Sharing                                                      ; Off                ; Off                ;
; Allow Any RAM Size For Recognition                                         ; Off                ; Off                ;
; Allow Any ROM Size For Recognition                                         ; Off                ; Off                ;
; Allow Any Shift Register Size For Recognition                              ; Off                ; Off                ;
; Use LogicLock Constraints during Resource Balancing                        ; On                 ; On                 ;
; Ignore translate_off and synthesis_off directives                          ; Off                ; Off                ;
; Timing-Driven Synthesis                                                    ; On                 ; On                 ;
; Report Parameter Settings                                                  ; On                 ; On                 ;
; Report Source Assignments                                                  ; On                 ; On                 ;
; Report Connectivity Checks                                                 ; On                 ; On                 ;
; Ignore Maximum Fan-Out Assignments                                         ; Off                ; Off                ;
; Synchronization Register Chain Length                                      ; 2                  ; 2                  ;
; Power Optimization During Synthesis                                        ; Normal compilation ; Normal compilation ;
; HDL message level                                                          ; Level2             ; Level2             ;
; Suppress Register Optimization Related Messages                            ; Off                ; Off                ;
; Number of Removed Registers Reported in Synthesis Report                   ; 5000               ; 5000               ;
; Number of Swept Nodes Reported in Synthesis Report                         ; 5000               ; 5000               ;
; Number of Inverted Registers Reported in Synthesis Report                  ; 100                ; 100                ;
; Clock MUX Protection                                                       ; On                 ; On                 ;
; Auto Gated Clock Conversion                                                ; Off                ; Off                ;
; Block Design Naming                                                        ; Auto               ; Auto               ;
; SDC constraint protection                                                  ; Off                ; Off                ;
; Synthesis Effort                                                           ; Auto               ; Auto               ;
; Shift Register Replacement - Allow Asynchronous Clear Signal               ; On                 ; On                 ;
; Pre-Mapping Resynthesis Optimization                                       ; Off                ; Off                ;
; Analysis & Synthesis Message Level                                         ; Medium             ; Medium             ;
; Disable Register Merging Across Hierarchies                                ; Auto               ; Auto               ;
; Resource Aware Inference For Block RAM                                     ; On                 ; On                 ;
+----------------------------------------------------------------------------+--------------------+--------------------+


+------------------------------------------+
; Parallel Compilation                     ;
+----------------------------+-------------+
; Processors                 ; Number      ;
+----------------------------+-------------+
; Number detected on machine ; 4           ;
; Maximum allowed            ; 4           ;
;                            ;             ;
; Average used               ; 1.00        ;
; Maximum used               ; 4           ;
;                            ;             ;
; Usage by Processor         ; % Time Used ;
;     Processor 1            ; 100.0%      ;
;     Processor 2            ;   0.0%      ;
;     Processors 3-4         ;   0.0%      ;
+----------------------------+-------------+


+-------------------------------------------------------------------------------------------------------------------------------+
; Analysis & Synthesis Source Files Read                                                                                        ;
+----------------------------------+-----------------+-----------------+----------------------------------------------+---------+
; File Name with User-Entered Path ; Used in Netlist ; File Type       ; File Name with Absolute Path                 ; Library ;
+----------------------------------+-----------------+-----------------+----------------------------------------------+---------+
; fd.vhd                           ; yes             ; User VHDL File  ; C:/Users/pan39/Desktop/fpga/uart/fd.vhd      ;         ;
; uart.vhd                         ; yes             ; User VHDL File  ; C:/Users/pan39/Desktop/fpga/uart/uart.vhd    ;         ;
; uart_tx.vhd                      ; yes             ; User VHDL File  ; C:/Users/pan39/Desktop/fpga/uart/uart_tx.vhd ;         ;
; uart_rx.vhd                      ; yes             ; User VHDL File  ; C:/Users/pan39/Desktop/fpga/uart/uart_rx.vhd ;         ;
+----------------------------------+-----------------+-----------------+----------------------------------------------+---------+


+-----------------------------------------------------------+
; Analysis & Synthesis Resource Usage Summary               ;
+---------------------------------------------+-------------+
; Resource                                    ; Usage       ;
+---------------------------------------------+-------------+
; Estimated Total logic elements              ; 277         ;
;                                             ;             ;
; Total combinational functions               ; 272         ;
; Logic element usage by number of LUT inputs ;             ;
;     -- 4 input functions                    ; 65          ;
;     -- 3 input functions                    ; 81          ;
;     -- <=2 input functions                  ; 126         ;
;                                             ;             ;
; Logic elements by mode                      ;             ;
;     -- normal mode                          ; 163         ;
;     -- arithmetic mode                      ; 109         ;
;                                             ;             ;
; Total registers                             ; 115         ;
;     -- Dedicated logic registers            ; 115         ;
;     -- I/O registers                        ; 0           ;
;                                             ;             ;
; I/O pins                                    ; 12          ;
;                                             ;             ;
; Embedded Multiplier 9-bit elements          ; 0           ;
;                                             ;             ;
; Maximum fan-out node                        ; RESet~input ;
; Maximum fan-out                             ; 75          ;
; Total fan-out                               ; 1134        ;
; Average fan-out                             ; 2.76        ;
+---------------------------------------------+-------------+


+-------------------------------------------------------------------------------------------------------------------------------------------------------------------------------------------------------------+
; Analysis & Synthesis Resource Utilization by Entity                                                                                                                                                         ;
+----------------------------+---------------------+---------------------------+-------------+--------------+---------+-----------+------+--------------+------------------------+-------------+--------------+
; Compilation Hierarchy Node ; Combinational ALUTs ; Dedicated Logic Registers ; Memory Bits ; DSP Elements ; DSP 9x9 ; DSP 18x18 ; Pins ; Virtual Pins ; Full Hierarchy Name    ; Entity Name ; Library Name ;
+----------------------------+---------------------+---------------------------+-------------+--------------+---------+-----------+------+--------------+------------------------+-------------+--------------+
; |UART                      ; 272 (0)             ; 115 (0)                   ; 0           ; 0            ; 0       ; 0         ; 12   ; 0            ; |UART                  ; UART        ; work         ;
;    |UART_rx:r1|            ; 141 (101)           ; 77 (51)                   ; 0           ; 0            ; 0       ; 0         ; 0    ; 0            ; |UART|UART_rx:r1       ; UART_rx     ; work         ;
;       |fd:f1|              ; 40 (40)             ; 26 (26)                   ; 0           ; 0            ; 0       ; 0         ; 0    ; 0            ; |UART|UART_rx:r1|fd:f1 ; fd          ; work         ;
;    |UART_tx:t1|            ; 131 (98)            ; 38 (37)                   ; 0           ; 0            ; 0       ; 0         ; 0    ; 0            ; |UART|UART_tx:t1       ; UART_tx     ; work         ;
;       |fd:f1|              ; 33 (33)             ; 1 (1)                     ; 0           ; 0            ; 0       ; 0         ; 0    ; 0            ; |UART|UART_tx:t1|fd:f1 ; fd          ; work         ;
+----------------------------+---------------------+---------------------------+-------------+--------------+---------+-----------+------+--------------+------------------------+-------------+--------------+
Note: For table entries with two numbers listed, the numbers in parentheses indicate the number of resources of the given type used by the specific entity alone. The numbers listed outside of parentheses indicate the total resources of the given type used by the specific entity and all of its sub-entities in the hierarchy.


Encoding Type:  One-Hot
+--------------------------------------------------------------------------+
; State Machine - |UART|UART_tx:t1|TXState                                 ;
+---------------+-------------+---------------+-------------+--------------+
; Name          ; TXState.TXE ; TXState.TXING ; TXState.TXR ; TXState.IDLE ;
+---------------+-------------+---------------+-------------+--------------+
; TXState.IDLE  ; 0           ; 0             ; 0           ; 0            ;
; TXState.TXR   ; 0           ; 0             ; 1           ; 1            ;
; TXState.TXING ; 0           ; 1             ; 0           ; 1            ;
; TXState.TXE   ; 1           ; 0             ; 0           ; 1            ;
+---------------+-------------+---------------+-------------+--------------+


Encoding Type:  One-Hot
+--------------------------------------------------------------------------+
; State Machine - |UART|UART_rx:r1|RXState                                 ;
+---------------+-------------+---------------+-------------+--------------+
; Name          ; RXState.RXE ; RXState.RXING ; RXState.RXR ; RXState.IDLE ;
+---------------+-------------+---------------+-------------+--------------+
; RXState.IDLE  ; 0           ; 0             ; 0           ; 0            ;
; RXState.RXR   ; 0           ; 0             ; 1           ; 1            ;
; RXState.RXING ; 0           ; 1             ; 0           ; 1            ;
; RXState.RXE   ; 1           ; 0             ; 0           ; 1            ;
+---------------+-------------+---------------+-------------+--------------+


+-----------------------------------------------------------------------------+
; Registers Removed During Synthesis                                          ;
+----------------------------------------+------------------------------------+
; Register name                          ; Reason for Removal                 ;
+----------------------------------------+------------------------------------+
; UART_tx:t1|fd:f1|i[24]                 ; Merged with UART_rx:r1|fd:f1|i[24] ;
; UART_tx:t1|fd:f1|i[23]                 ; Merged with UART_rx:r1|fd:f1|i[23] ;
; UART_tx:t1|fd:f1|i[22]                 ; Merged with UART_rx:r1|fd:f1|i[22] ;
; UART_tx:t1|fd:f1|i[21]                 ; Merged with UART_rx:r1|fd:f1|i[21] ;
; UART_tx:t1|fd:f1|i[20]                 ; Merged with UART_rx:r1|fd:f1|i[20] ;
; UART_tx:t1|fd:f1|i[19]                 ; Merged with UART_rx:r1|fd:f1|i[19] ;
; UART_tx:t1|fd:f1|i[18]                 ; Merged with UART_rx:r1|fd:f1|i[18] ;
; UART_tx:t1|fd:f1|i[17]                 ; Merged with UART_rx:r1|fd:f1|i[17] ;
; UART_tx:t1|fd:f1|i[16]                 ; Merged with UART_rx:r1|fd:f1|i[16] ;
; UART_tx:t1|fd:f1|i[15]                 ; Merged with UART_rx:r1|fd:f1|i[15] ;
; UART_tx:t1|fd:f1|i[14]                 ; Merged with UART_rx:r1|fd:f1|i[14] ;
; UART_tx:t1|fd:f1|i[13]                 ; Merged with UART_rx:r1|fd:f1|i[13] ;
; UART_tx:t1|fd:f1|i[12]                 ; Merged with UART_rx:r1|fd:f1|i[12] ;
; UART_tx:t1|fd:f1|i[11]                 ; Merged with UART_rx:r1|fd:f1|i[11] ;
; UART_tx:t1|fd:f1|i[10]                 ; Merged with UART_rx:r1|fd:f1|i[10] ;
; UART_tx:t1|fd:f1|i[9]                  ; Merged with UART_rx:r1|fd:f1|i[9]  ;
; UART_tx:t1|fd:f1|i[8]                  ; Merged with UART_rx:r1|fd:f1|i[8]  ;
; UART_tx:t1|fd:f1|i[7]                  ; Merged with UART_rx:r1|fd:f1|i[7]  ;
; UART_tx:t1|fd:f1|i[6]                  ; Merged with UART_rx:r1|fd:f1|i[6]  ;
; UART_tx:t1|fd:f1|i[5]                  ; Merged with UART_rx:r1|fd:f1|i[5]  ;
; UART_tx:t1|fd:f1|i[4]                  ; Merged with UART_rx:r1|fd:f1|i[4]  ;
; UART_tx:t1|fd:f1|i[3]                  ; Merged with UART_rx:r1|fd:f1|i[3]  ;
; UART_tx:t1|fd:f1|i[2]                  ; Merged with UART_rx:r1|fd:f1|i[2]  ;
; UART_tx:t1|fd:f1|i[1]                  ; Merged with UART_rx:r1|fd:f1|i[1]  ;
; UART_tx:t1|fd:f1|i[0]                  ; Merged with UART_rx:r1|fd:f1|i[0]  ;
; UART_rx:r1|RXState.RXR                 ; Lost fanout                        ;
; Total Number of Removed Registers = 26 ;                                    ;
+----------------------------------------+------------------------------------+


+------------------------------------------------------+
; General Register Statistics                          ;
+----------------------------------------------+-------+
; Statistic                                    ; Value ;
+----------------------------------------------+-------+
; Total registers                              ; 115   ;
; Number of registers using Synchronous Clear  ; 0     ;
; Number of registers using Synchronous Load   ; 0     ;
; Number of registers using Asynchronous Clear ; 71    ;
; Number of registers using Asynchronous Load  ; 0     ;
; Number of registers using Clock Enable       ; 72    ;
; Number of registers using Preset             ; 0     ;
+----------------------------------------------+-------+


+---------------------------------------------------+
; Inverted Register Statistics                      ;
+-----------------------------------------+---------+
; Inverted Register                       ; Fan out ;
+-----------------------------------------+---------+
; UART_tx:t1|TX                           ; 2       ;
; UART_tx:t1|n[1]                         ; 5       ;
; UART_tx:t1|n[0]                         ; 5       ;
; UART_tx:t1|n[2]                         ; 3       ;
; UART_tx:t1|fd:f1|temp                   ; 38      ;
; UART_tx:t1|n[31]                        ; 2       ;
; UART_tx:t1|n[30]                        ; 2       ;
; UART_tx:t1|n[29]                        ; 2       ;
; UART_tx:t1|n[28]                        ; 2       ;
; UART_tx:t1|n[27]                        ; 2       ;
; UART_tx:t1|n[26]                        ; 2       ;
; UART_tx:t1|n[25]                        ; 2       ;
; UART_tx:t1|n[24]                        ; 2       ;
; UART_tx:t1|n[23]                        ; 2       ;
; UART_tx:t1|n[22]                        ; 2       ;
; UART_tx:t1|n[21]                        ; 2       ;
; UART_tx:t1|n[20]                        ; 2       ;
; UART_tx:t1|n[19]                        ; 2       ;
; UART_tx:t1|n[18]                        ; 2       ;
; UART_tx:t1|n[17]                        ; 2       ;
; UART_tx:t1|n[16]                        ; 2       ;
; UART_tx:t1|n[12]                        ; 2       ;
; UART_tx:t1|n[13]                        ; 2       ;
; UART_tx:t1|n[14]                        ; 2       ;
; UART_tx:t1|n[15]                        ; 2       ;
; UART_tx:t1|n[8]                         ; 2       ;
; UART_tx:t1|n[9]                         ; 2       ;
; UART_tx:t1|n[10]                        ; 2       ;
; UART_tx:t1|n[11]                        ; 2       ;
; UART_tx:t1|n[4]                         ; 2       ;
; UART_tx:t1|n[5]                         ; 2       ;
; UART_tx:t1|n[6]                         ; 2       ;
; UART_tx:t1|n[7]                         ; 2       ;
; UART_tx:t1|n[3]                         ; 2       ;
; UART_rx:r1|fd:f1|temp                   ; 52      ;
; UART_rx:r1|charnR[7]                    ; 2       ;
; UART_rx:r1|charnR[3]                    ; 2       ;
; UART_rx:r1|charnR[0]                    ; 2       ;
; UART_rx:r1|n[0]                         ; 9       ;
; UART_rx:r1|n[1]                         ; 9       ;
; UART_rx:r1|n[2]                         ; 9       ;
; UART_rx:r1|n[31]                        ; 1       ;
; UART_rx:r1|n[30]                        ; 1       ;
; UART_rx:r1|n[29]                        ; 1       ;
; UART_rx:r1|n[28]                        ; 1       ;
; UART_rx:r1|n[27]                        ; 1       ;
; UART_rx:r1|n[26]                        ; 1       ;
; UART_rx:r1|n[25]                        ; 1       ;
; UART_rx:r1|n[24]                        ; 1       ;
; UART_rx:r1|n[23]                        ; 1       ;
; UART_rx:r1|n[22]                        ; 1       ;
; UART_rx:r1|n[21]                        ; 1       ;
; UART_rx:r1|n[20]                        ; 1       ;
; UART_rx:r1|n[19]                        ; 1       ;
; UART_rx:r1|n[18]                        ; 1       ;
; UART_rx:r1|n[17]                        ; 1       ;
; UART_rx:r1|n[16]                        ; 1       ;
; UART_rx:r1|n[15]                        ; 1       ;
; UART_rx:r1|n[14]                        ; 1       ;
; UART_rx:r1|n[13]                        ; 1       ;
; UART_rx:r1|n[12]                        ; 1       ;
; UART_rx:r1|n[11]                        ; 1       ;
; UART_rx:r1|n[10]                        ; 1       ;
; UART_rx:r1|n[9]                         ; 1       ;
; UART_rx:r1|n[8]                         ; 1       ;
; UART_rx:r1|n[7]                         ; 1       ;
; UART_rx:r1|n[6]                         ; 1       ;
; UART_rx:r1|n[5]                         ; 1       ;
; UART_rx:r1|n[4]                         ; 1       ;
; UART_rx:r1|n[3]                         ; 1       ;
; Total number of inverted registers = 70 ;         ;
+-----------------------------------------+---------+


+------------------------------------------------------------------------------------------------------------------------------------------+
; Multiplexer Restructuring Statistics (Restructuring Performed)                                                                           ;
+--------------------+-----------+---------------+----------------------+------------------------+------------+----------------------------+
; Multiplexer Inputs ; Bus Width ; Baseline Area ; Area if Restructured ; Saving if Restructured ; Registered ; Example Multiplexer Output ;
+--------------------+-----------+---------------+----------------------+------------------------+------------+----------------------------+
; 4:1                ; 32 bits   ; 64 LEs        ; 64 LEs               ; 0 LEs                  ; Yes        ; |UART|UART_tx:t1|n[25]     ;
; 6:1                ; 32 bits   ; 128 LEs       ; 64 LEs               ; 64 LEs                 ; Yes        ; |UART|UART_rx:r1|n[17]     ;
; 6:1                ; 2 bits    ; 8 LEs         ; 4 LEs                ; 4 LEs                  ; No         ; |UART|UART_tx:t1|Selector2 ;
; 7:1                ; 4 bits    ; 16 LEs        ; 8 LEs                ; 8 LEs                  ; No         ; |UART|UART_rx:r1|Selector3 ;
+--------------------+-----------+---------------+----------------------+------------------------+------------+----------------------------+


+------------------------------------------------------------------------------------------------------------------+
; Port Connectivity Checks: "fd:f1"                                                                                ;
+--------+--------+----------+-------------------------------------------------------------------------------------+
; Port   ; Type   ; Severity ; Details                                                                             ;
+--------+--------+----------+-------------------------------------------------------------------------------------+
; fdout  ; Output ; Info     ; Connected to dangling logic. Logic that only feeds a dangling port will be removed. ;
; fdout1 ; Output ; Info     ; Connected to dangling logic. Logic that only feeds a dangling port will be removed. ;
+--------+--------+----------+-------------------------------------------------------------------------------------+


+------------------------------------------------------------------------------------------------------------------+
; Port Connectivity Checks: "UART_tx:t1|fd:f1"                                                                     ;
+--------+--------+----------+-------------------------------------------------------------------------------------+
; Port   ; Type   ; Severity ; Details                                                                             ;
+--------+--------+----------+-------------------------------------------------------------------------------------+
; fdout1 ; Output ; Info     ; Connected to dangling logic. Logic that only feeds a dangling port will be removed. ;
+--------+--------+----------+-------------------------------------------------------------------------------------+


+-----------------------------------------------------------------------------------------------------------------+
; Port Connectivity Checks: "UART_tx:t1"                                                                          ;
+-------+--------+----------+-------------------------------------------------------------------------------------+
; Port  ; Type   ; Severity ; Details                                                                             ;
+-------+--------+----------+-------------------------------------------------------------------------------------+
; text1 ; Output ; Info     ; Connected to dangling logic. Logic that only feeds a dangling port will be removed. ;
+-------+--------+----------+-------------------------------------------------------------------------------------+


+------------------------------------------------------------------------------------------------------------------+
; Port Connectivity Checks: "UART_rx:r1|fd:f1"                                                                     ;
+--------+--------+----------+-------------------------------------------------------------------------------------+
; Port   ; Type   ; Severity ; Details                                                                             ;
+--------+--------+----------+-------------------------------------------------------------------------------------+
; fdout1 ; Output ; Info     ; Connected to dangling logic. Logic that only feeds a dangling port will be removed. ;
+--------+--------+----------+-------------------------------------------------------------------------------------+


+-----------------------------------------------------------------------------------------------------------------+
; Port Connectivity Checks: "UART_rx:r1"                                                                          ;
+-------+--------+----------+-------------------------------------------------------------------------------------+
; Port  ; Type   ; Severity ; Details                                                                             ;
+-------+--------+----------+-------------------------------------------------------------------------------------+
; text1 ; Output ; Info     ; Connected to dangling logic. Logic that only feeds a dangling port will be removed. ;
+-------+--------+----------+-------------------------------------------------------------------------------------+


+-----------------------------------------------------+
; Post-Synthesis Netlist Statistics for Top Partition ;
+-----------------------+-----------------------------+
; Type                  ; Count                       ;
+-----------------------+-----------------------------+
; boundary_port         ; 12                          ;
; cycloneiii_ff         ; 115                         ;
;     CLR               ; 7                           ;
;     ENA               ; 8                           ;
;     ENA CLR           ; 64                          ;
;     plain             ; 36                          ;
; cycloneiii_lcell_comb ; 274                         ;
;     arith             ; 109                         ;
;         2 data inputs ; 108                         ;
;         3 data inputs ; 1                           ;
;     normal            ; 165                         ;
;         0 data inputs ; 1                           ;
;         1 data inputs ; 8                           ;
;         2 data inputs ; 11                          ;
;         3 data inputs ; 80                          ;
;         4 data inputs ; 65                          ;
;                       ;                             ;
; Max LUT depth         ; 9.80                        ;
; Average LUT depth     ; 6.26                        ;
+-----------------------+-----------------------------+


+-------------------------------+
; Elapsed Time Per Partition    ;
+----------------+--------------+
; Partition Name ; Elapsed Time ;
+----------------+--------------+
; Top            ; 00:00:00     ;
+----------------+--------------+


+-------------------------------+
; Analysis & Synthesis Messages ;
+-------------------------------+
Info: *******************************************************************
Info: Running Quartus Prime Analysis & Synthesis
    Info: Version 17.1.0 Build 590 10/25/2017 SJ Lite Edition
    Info: Processing started: Tue Feb 11 16:30:21 2020
Info: Command: quartus_map --read_settings_files=on --write_settings_files=off uart -c uart
Warning (18236): Number of processors has not been specified which may cause overloading on shared machines.  Set the global assignment NUM_PARALLEL_PROCESSORS in your QSF to an appropriate value for best performance.
Info (20030): Parallel compilation is enabled and will use 4 of the 4 processors detected
Info (12021): Found 2 design units, including 1 entities, in source file fd.vhd
    Info (12022): Found design unit 1: fd-flow File: C:/Users/pan39/Desktop/fpga/uart/fd.vhd Line: 13
    Info (12023): Found entity 1: fd File: C:/Users/pan39/Desktop/fpga/uart/fd.vhd Line: 5
Info (12021): Found 2 design units, including 1 entities, in source file uart.vhd
    Info (12022): Found design unit 1: uart-RTL File: C:/Users/pan39/Desktop/fpga/uart/uart.vhd Line: 16
    Info (12023): Found entity 1: UART File: C:/Users/pan39/Desktop/fpga/uart/uart.vhd Line: 5
Info (12021): Found 2 design units, including 1 entities, in source file uart_tx.vhd
    Info (12022): Found design unit 1: UART_tx-RTL File: C:/Users/pan39/Desktop/fpga/uart/uart_tx.vhd Line: 16
    Info (12023): Found entity 1: UART_tx File: C:/Users/pan39/Desktop/fpga/uart/uart_tx.vhd Line: 5
Info (12021): Found 2 design units, including 1 entities, in source file uart_rx.vhd
    Info (12022): Found design unit 1: uart_rx-RTL File: C:/Users/pan39/Desktop/fpga/uart/uart_rx.vhd Line: 16
    Info (12023): Found entity 1: UART_rx File: C:/Users/pan39/Desktop/fpga/uart/uart_rx.vhd Line: 5
Info (12127): Elaborating entity "uart" for the top level hierarchy
Warning (10036): Verilog HDL or VHDL warning at uart.vhd(18): object "temp" assigned a value but never read File: C:/Users/pan39/Desktop/fpga/uart/uart.vhd Line: 18
Warning (10036): Verilog HDL or VHDL warning at uart.vhd(19): object "temp1" assigned a value but never read File: C:/Users/pan39/Desktop/fpga/uart/uart.vhd Line: 19
Warning (10034): Output port "text1" at uart.vhd(13) has no driver File: C:/Users/pan39/Desktop/fpga/uart/uart.vhd Line: 13
Info (12128): Elaborating entity "UART_rx" for hierarchy "UART_rx:r1" File: C:/Users/pan39/Desktop/fpga/uart/uart.vhd Line: 52
Warning (10036): Verilog HDL or VHDL warning at uart_rx.vhd(19): object "temp1" assigned a value but never read File: C:/Users/pan39/Desktop/fpga/uart/uart_rx.vhd Line: 19
Warning (10492): VHDL Process Statement warning at uart_rx.vhd(36): signal "RESet" is read inside the Process Statement but isn't in the Process Statement's sensitivity list File: C:/Users/pan39/Desktop/fpga/uart/uart_rx.vhd Line: 36
Info (12128): Elaborating entity "fd" for hierarchy "UART_rx:r1|fd:f1" File: C:/Users/pan39/Desktop/fpga/uart/uart_rx.vhd Line: 31
Info (12128): Elaborating entity "UART_tx" for hierarchy "UART_tx:t1" File: C:/Users/pan39/Desktop/fpga/uart/uart.vhd Line: 53
Warning (10492): VHDL Process Statement warning at uart_tx.vhd(38): signal "RESet" is read inside the Process Statement but isn't in the Process Statement's sensitivity list File: C:/Users/pan39/Desktop/fpga/uart/uart_tx.vhd Line: 38
Info (13000): Registers with preset signals will power-up high File: C:/Users/pan39/Desktop/fpga/uart/uart_tx.vhd Line: 38
Info (13003): DEV_CLRn pin will set, and not reset, register with preset signal due to NOT Gate Push-Back
Warning (13024): Output pins are stuck at VCC or GND
    Warning (13410): Pin "text1[7]" is stuck at GND File: C:/Users/pan39/Desktop/fpga/uart/uart.vhd Line: 13
    Warning (13410): Pin "text1[6]" is stuck at GND File: C:/Users/pan39/Desktop/fpga/uart/uart.vhd Line: 13
    Warning (13410): Pin "text1[5]" is stuck at GND File: C:/Users/pan39/Desktop/fpga/uart/uart.vhd Line: 13
    Warning (13410): Pin "text1[4]" is stuck at GND File: C:/Users/pan39/Desktop/fpga/uart/uart.vhd Line: 13
    Warning (13410): Pin "text1[3]" is stuck at GND File: C:/Users/pan39/Desktop/fpga/uart/uart.vhd Line: 13
    Warning (13410): Pin "text1[2]" is stuck at GND File: C:/Users/pan39/Desktop/fpga/uart/uart.vhd Line: 13
    Warning (13410): Pin "text1[1]" is stuck at GND File: C:/Users/pan39/Desktop/fpga/uart/uart.vhd Line: 13
    Warning (13410): Pin "text1[0]" is stuck at GND File: C:/Users/pan39/Desktop/fpga/uart/uart.vhd Line: 13
Info (286030): Timing-Driven Synthesis is running
Critical Warning (18061): Ignored Power-Up Level option on the following registers
    Critical Warning (18010): Register UART_tx:t1|n[0] will power up to High File: C:/Users/pan39/Desktop/fpga/uart/uart_tx.vhd Line: 38
    Critical Warning (18010): Register UART_rx:r1|n[0] will power up to High File: C:/Users/pan39/Desktop/fpga/uart/uart_rx.vhd Line: 36
Info (17049): 1 registers lost all their fanouts during netlist optimizations.
Info (16010): Generating hard_block partition "hard_block:auto_generated_inst"
    Info (16011): Adding 0 node(s), including 0 DDIO, 0 PLL, 0 transceiver and 0 LCELL
Info (21057): Implemented 308 device resources after synthesis - the final resource count might be different
    Info (21058): Implemented 3 input pins
    Info (21059): Implemented 9 output pins
    Info (21061): Implemented 296 logic cells
Info: Quartus Prime Analysis & Synthesis was successful. 0 errors, 19 warnings
    Info: Peak virtual memory: 4796 megabytes
    Info: Processing ended: Tue Feb 11 16:30:37 2020
    Info: Elapsed time: 00:00:16
    Info: Total CPU time (on all processors): 00:00:29


