Analysis & Synthesis report for showchar
Sun Feb 09 14:20:35 2020
Quartus Prime Version 17.1.0 Build 590 10/25/2017 SJ Lite Edition


---------------------
; Table of Contents ;
---------------------
  1. Legal Notice
  2. Analysis & Synthesis Summary
  3. Analysis & Synthesis Settings
  4. Parallel Compilation
  5. Analysis & Synthesis Source Files Read
  6. Analysis & Synthesis Resource Usage Summary
  7. Analysis & Synthesis Resource Utilization by Entity
  8. User-Specified and Inferred Latches
  9. Registers Removed During Synthesis
 10. General Register Statistics
 11. Inverted Register Statistics
 12. Multiplexer Restructuring Statistics (Restructuring Performed)
 13. Post-Synthesis Netlist Statistics for Top Partition
 14. Elapsed Time Per Partition
 15. Analysis & Synthesis Messages



----------------
; Legal Notice ;
----------------
Copyright (C) 2017  Intel Corporation. All rights reserved.
Your use of Intel Corporation's design tools, logic functions 
and other software and tools, and its AMPP partner logic 
functions, and any output files from any of the foregoing 
(including device programming or simulation files), and any 
associated documentation or information are expressly subject 
to the terms and conditions of the Intel Program License 
Subscription Agreement, the Intel Quartus Prime License Agreement,
the Intel FPGA IP License Agreement, or other applicable license
agreement, including, without limitation, that your use is for
the sole purpose of programming logic devices manufactured by
Intel and sold by Intel or its authorized distributors.  Please
refer to the applicable agreement for further details.



+----------------------------------------------------------------------------------+
; Analysis & Synthesis Summary                                                     ;
+------------------------------------+---------------------------------------------+
; Analysis & Synthesis Status        ; Successful - Sun Feb 09 14:20:35 2020       ;
; Quartus Prime Version              ; 17.1.0 Build 590 10/25/2017 SJ Lite Edition ;
; Revision Name                      ; showchar                                    ;
; Top-level Entity Name              ; showchar                                    ;
; Family                             ; Cyclone IV E                                ;
; Total logic elements               ; 219                                         ;
;     Total combinational functions  ; 215                                         ;
;     Dedicated logic registers      ; 114                                         ;
; Total registers                    ; 114                                         ;
; Total pins                         ; 16                                          ;
; Total virtual pins                 ; 0                                           ;
; Total memory bits                  ; 0                                           ;
; Embedded Multiplier 9-bit elements ; 0                                           ;
; Total PLLs                         ; 0                                           ;
+------------------------------------+---------------------------------------------+


+----------------------------------------------------------------------------------------------------------------------+
; Analysis & Synthesis Settings                                                                                        ;
+----------------------------------------------------------------------------+--------------------+--------------------+
; Option                                                                     ; Setting            ; Default Value      ;
+----------------------------------------------------------------------------+--------------------+--------------------+
; Device                                                                     ; EP4CE6F17C8        ;                    ;
; Top-level entity name                                                      ; showchar           ; showchar           ;
; Family name                                                                ; Cyclone IV E       ; Cyclone V          ;
; Use smart compilation                                                      ; Off                ; Off                ;
; Enable parallel Assembler and TimeQuest Timing Analyzer during compilation ; On                 ; On                 ;
; Enable compact report table                                                ; Off                ; Off                ;
; Restructure Multiplexers                                                   ; Auto               ; Auto               ;
; Create Debugging Nodes for IP Cores                                        ; Off                ; Off                ;
; Preserve fewer node names                                                  ; On                 ; On                 ;
; Intel FPGA IP Evaluation Mode                                              ; Enable             ; Enable             ;
; Verilog Version                                                            ; Verilog_2001       ; Verilog_2001       ;
; VHDL Version                                                               ; VHDL_1993          ; VHDL_1993          ;
; State Machine Processing                                                   ; Auto               ; Auto               ;
; Safe State Machine                                                         ; Off                ; Off                ;
; Extract Verilog State Machines                                             ; On                 ; On                 ;
; Extract VHDL State Machines                                                ; On                 ; On                 ;
; Ignore Verilog initial constructs                                          ; Off                ; Off                ;
; Iteration limit for constant Verilog loops                                 ; 5000               ; 5000               ;
; Iteration limit for non-constant Verilog loops                             ; 250                ; 250                ;
; Add Pass-Through Logic to Inferred RAMs                                    ; On                 ; On                 ;
; Infer RAMs from Raw Logic                                                  ; On                 ; On                 ;
; Parallel Synthesis                                                         ; On                 ; On                 ;
; DSP Block Balancing                                                        ; Auto               ; Auto               ;
; NOT Gate Push-Back                                                         ; On                 ; On                 ;
; Power-Up Don't Care                                                        ; On                 ; On                 ;
; Remove Redundant Logic Cells                                               ; Off                ; Off                ;
; Remove Duplicate Registers                                                 ; On                 ; On                 ;
; Ignore CARRY Buffers                                                       ; Off                ; Off                ;
; Ignore CASCADE Buffers                                                     ; Off                ; Off                ;
; Ignore GLOBAL Buffers                                                      ; Off                ; Off                ;
; Ignore ROW GLOBAL Buffers                                                  ; Off                ; Off                ;
; Ignore LCELL Buffers                                                       ; Off                ; Off                ;
; Ignore SOFT Buffers                                                        ; On                 ; On                 ;
; Limit AHDL Integers to 32 Bits                                             ; Off                ; Off                ;
; Optimization Technique                                                     ; Balanced           ; Balanced           ;
; Carry Chain Length                                                         ; 70                 ; 70                 ;
; Auto Carry Chains                                                          ; On                 ; On                 ;
; Auto Open-Drain Pins                                                       ; On                 ; On                 ;
; Perform WYSIWYG Primitive Resynthesis                                      ; Off                ; Off                ;
; Auto ROM Replacement                                                       ; On                 ; On                 ;
; Auto RAM Replacement                                                       ; On                 ; On                 ;
; Auto DSP Block Replacement                                                 ; On                 ; On                 ;
; Auto Shift Register Replacement                                            ; Auto               ; Auto               ;
; Allow Shift Register Merging across Hierarchies                            ; Auto               ; Auto               ;
; Auto Clock Enable Replacement                                              ; On                 ; On                 ;
; Strict RAM Replacement                                                     ; Off                ; Off                ;
; Allow Synchronous Control Signals                                          ; On                 ; On                 ;
; Force Use of Synchronous Clear Signals                                     ; Off                ; Off                ;
; Auto RAM Block Balancing                                                   ; On                 ; On                 ;
; Auto RAM to Logic Cell Conversion                                          ; Off                ; Off                ;
; Auto Resource Sharing                                                      ; Off                ; Off                ;
; Allow Any RAM Size For Recognition                                         ; Off                ; Off                ;
; Allow Any ROM Size For Recognition                                         ; Off                ; Off                ;
; Allow Any Shift Register Size For Recognition                              ; Off                ; Off                ;
; Use LogicLock Constraints during Resource Balancing                        ; On                 ; On                 ;
; Ignore translate_off and synthesis_off directives                          ; Off                ; Off                ;
; Timing-Driven Synthesis                                                    ; On                 ; On                 ;
; Report Parameter Settings                                                  ; On                 ; On                 ;
; Report Source Assignments                                                  ; On                 ; On                 ;
; Report Connectivity Checks                                                 ; On                 ; On                 ;
; Ignore Maximum Fan-Out Assignments                                         ; Off                ; Off                ;
; Synchronization Register Chain Length                                      ; 2                  ; 2                  ;
; Power Optimization During Synthesis                                        ; Normal compilation ; Normal compilation ;
; HDL message level                                                          ; Level2             ; Level2             ;
; Suppress Register Optimization Related Messages                            ; Off                ; Off                ;
; Number of Removed Registers Reported in Synthesis Report                   ; 5000               ; 5000               ;
; Number of Swept Nodes Reported in Synthesis Report                         ; 5000               ; 5000               ;
; Number of Inverted Registers Reported in Synthesis Report                  ; 100                ; 100                ;
; Clock MUX Protection                                                       ; On                 ; On                 ;
; Auto Gated Clock Conversion                                                ; Off                ; Off                ;
; Block Design Naming                                                        ; Auto               ; Auto               ;
; SDC constraint protection                                                  ; Off                ; Off                ;
; Synthesis Effort                                                           ; Auto               ; Auto               ;
; Shift Register Replacement - Allow Asynchronous Clear Signal               ; On                 ; On                 ;
; Pre-Mapping Resynthesis Optimization                                       ; Off                ; Off                ;
; Analysis & Synthesis Message Level                                         ; Medium             ; Medium             ;
; Disable Register Merging Across Hierarchies                                ; Auto               ; Auto               ;
; Resource Aware Inference For Block RAM                                     ; On                 ; On                 ;
+----------------------------------------------------------------------------+--------------------+--------------------+


+------------------------------------------+
; Parallel Compilation                     ;
+----------------------------+-------------+
; Processors                 ; Number      ;
+----------------------------+-------------+
; Number detected on machine ; 4           ;
; Maximum allowed            ; 4           ;
;                            ;             ;
; Average used               ; 1.00        ;
; Maximum used               ; 4           ;
;                            ;             ;
; Usage by Processor         ; % Time Used ;
;     Processor 1            ; 100.0%      ;
;     Processor 2            ;   0.0%      ;
;     Processors 3-4         ;   0.0%      ;
+----------------------------+-------------+


+------------------------------------------------------------------------------------------------------------------------------------+
; Analysis & Synthesis Source Files Read                                                                                             ;
+----------------------------------+-----------------+-----------------+---------------------------------------------------+---------+
; File Name with User-Entered Path ; Used in Netlist ; File Type       ; File Name with Absolute Path                      ; Library ;
+----------------------------------+-----------------+-----------------+---------------------------------------------------+---------+
; showchar.vhd                     ; yes             ; User VHDL File  ; C:/Users/pan39/Desktop/fpga/showchar/showchar.vhd ;         ;
; fd.vhd                           ; yes             ; User VHDL File  ; C:/Users/pan39/Desktop/fpga/showchar/fd.vhd       ;         ;
; decoder.vhd                      ; yes             ; User VHDL File  ; C:/Users/pan39/Desktop/fpga/showchar/decoder.vhd  ;         ;
+----------------------------------+-----------------+-----------------+---------------------------------------------------+---------+


+-------------------------------------------------------------+
; Analysis & Synthesis Resource Usage Summary                 ;
+---------------------------------------------+---------------+
; Resource                                    ; Usage         ;
+---------------------------------------------+---------------+
; Estimated Total logic elements              ; 219           ;
;                                             ;               ;
; Total combinational functions               ; 215           ;
; Logic element usage by number of LUT inputs ;               ;
;     -- 4 input functions                    ; 93            ;
;     -- 3 input functions                    ; 22            ;
;     -- <=2 input functions                  ; 100           ;
;                                             ;               ;
; Logic elements by mode                      ;               ;
;     -- normal mode                          ; 136           ;
;     -- arithmetic mode                      ; 79            ;
;                                             ;               ;
; Total registers                             ; 114           ;
;     -- Dedicated logic registers            ; 114           ;
;     -- I/O registers                        ; 0             ;
;                                             ;               ;
; I/O pins                                    ; 16            ;
;                                             ;               ;
; Embedded Multiplier 9-bit elements          ; 0             ;
;                                             ;               ;
; Maximum fan-out node                        ; clockin~input ;
; Maximum fan-out                             ; 51            ;
; Total fan-out                               ; 897           ;
; Average fan-out                             ; 2.48          ;
+---------------------------------------------+---------------+


+------------------------------------------------------------------------------------------------------------------------------------------------------------------------------------------------------------+
; Analysis & Synthesis Resource Utilization by Entity                                                                                                                                                        ;
+----------------------------+---------------------+---------------------------+-------------+--------------+---------+-----------+------+--------------+-----------------------+-------------+--------------+
; Compilation Hierarchy Node ; Combinational ALUTs ; Dedicated Logic Registers ; Memory Bits ; DSP Elements ; DSP 9x9 ; DSP 18x18 ; Pins ; Virtual Pins ; Full Hierarchy Name   ; Entity Name ; Library Name ;
+----------------------------+---------------------+---------------------------+-------------+--------------+---------+-----------+------+--------------+-----------------------+-------------+--------------+
; |showchar                  ; 215 (125)           ; 114 (63)                  ; 0           ; 0            ; 0       ; 0         ; 16   ; 0            ; |showchar             ; showchar    ; work         ;
;    |decoder:de1|           ; 7 (7)               ; 0 (0)                     ; 0           ; 0            ; 0       ; 0         ; 0    ; 0            ; |showchar|decoder:de1 ; decoder     ; work         ;
;    |fd:f1|                 ; 83 (83)             ; 51 (51)                   ; 0           ; 0            ; 0       ; 0         ; 0    ; 0            ; |showchar|fd:f1       ; fd          ; work         ;
+----------------------------+---------------------+---------------------------+-------------+--------------+---------+-----------+------+--------------+-----------------------+-------------+--------------+
Note: For table entries with two numbers listed, the numbers in parentheses indicate the number of resources of the given type used by the specific entity alone. The numbers listed outside of parentheses indicate the total resources of the given type used by the specific entity and all of its sub-entities in the hierarchy.


+---------------------------------------------------------------------------------------------------+
; User-Specified and Inferred Latches                                                               ;
+----------------------------------------------------+---------------------+------------------------+
; Latch Name                                         ; Latch Enable Signal ; Free of Timing Hazards ;
+----------------------------------------------------+---------------------+------------------------+
; num[0]                                             ; num[2]              ; yes                    ;
; num[1]                                             ; num[2]              ; yes                    ;
; num[2]                                             ; num[2]              ; yes                    ;
; num[3]                                             ; num[2]              ; yes                    ;
; Number of user-specified and inferred latches = 4  ;                     ;                        ;
+----------------------------------------------------+---------------------+------------------------+
Note: All latches listed above may not be present at the end of synthesis due to various synthesis optimizations.


+----------------------------------------------------------------+
; Registers Removed During Synthesis                             ;
+---------------------------------------+------------------------+
; Register name                         ; Reason for Removal     ;
+---------------------------------------+------------------------+
; fd:f1|i[0]                            ; Merged with fd:f1|j[0] ;
; Total Number of Removed Registers = 1 ;                        ;
+---------------------------------------+------------------------+


+------------------------------------------------------+
; General Register Statistics                          ;
+----------------------------------------------+-------+
; Statistic                                    ; Value ;
+----------------------------------------------+-------+
; Total registers                              ; 114   ;
; Number of registers using Synchronous Clear  ; 0     ;
; Number of registers using Synchronous Load   ; 0     ;
; Number of registers using Asynchronous Clear ; 0     ;
; Number of registers using Asynchronous Load  ; 0     ;
; Number of registers using Clock Enable       ; 6     ;
; Number of registers using Preset             ; 0     ;
+----------------------------------------------+-------+


+---------------------------------------------------+
; Inverted Register Statistics                      ;
+-----------------------------------------+---------+
; Inverted Register                       ; Fan out ;
+-----------------------------------------+---------+
; choose[4]                               ; 8       ;
; choose[3]                               ; 7       ;
; choose[2]                               ; 11      ;
; choose[1]                               ; 7       ;
; choose[0]                               ; 7       ;
; num2[0]                                 ; 6       ;
; num4[0]                                 ; 6       ;
; num6[0]                                 ; 6       ;
; num4[1]                                 ; 5       ;
; num3[1]                                 ; 5       ;
; num6[2]                                 ; 4       ;
; num5[2]                                 ; 4       ;
; Total number of inverted registers = 12 ;         ;
+-----------------------------------------+---------+


+------------------------------------------------------------------------------------------------------------------------------------------+
; Multiplexer Restructuring Statistics (Restructuring Performed)                                                                           ;
+--------------------+-----------+---------------+----------------------+------------------------+------------+----------------------------+
; Multiplexer Inputs ; Bus Width ; Baseline Area ; Area if Restructured ; Saving if Restructured ; Registered ; Example Multiplexer Output ;
+--------------------+-----------+---------------+----------------------+------------------------+------------+----------------------------+
; 6:1                ; 4 bits    ; 16 LEs        ; 16 LEs               ; 0 LEs                  ; No         ; |showchar|num[0]           ;
+--------------------+-----------+---------------+----------------------+------------------------+------------+----------------------------+


+-----------------------------------------------------+
; Post-Synthesis Netlist Statistics for Top Partition ;
+-----------------------+-----------------------------+
; Type                  ; Count                       ;
+-----------------------+-----------------------------+
; boundary_port         ; 16                          ;
; cycloneiii_ff         ; 114                         ;
;     ENA               ; 6                           ;
;     plain             ; 108                         ;
; cycloneiii_io_obuf    ; 1                           ;
; cycloneiii_lcell_comb ; 222                         ;
;     arith             ; 79                          ;
;         2 data inputs ; 79                          ;
;     normal            ; 143                         ;
;         0 data inputs ; 1                           ;
;         1 data inputs ; 12                          ;
;         2 data inputs ; 15                          ;
;         3 data inputs ; 22                          ;
;         4 data inputs ; 93                          ;
;                       ;                             ;
; Max LUT depth         ; 6.10                        ;
; Average LUT depth     ; 4.20                        ;
+-----------------------+-----------------------------+


+-------------------------------+
; Elapsed Time Per Partition    ;
+----------------+--------------+
; Partition Name ; Elapsed Time ;
+----------------+--------------+
; Top            ; 00:00:01     ;
+----------------+--------------+


+-------------------------------+
; Analysis & Synthesis Messages ;
+-------------------------------+
Info: *******************************************************************
Info: Running Quartus Prime Analysis & Synthesis
    Info: Version 17.1.0 Build 590 10/25/2017 SJ Lite Edition
    Info: Processing started: Sun Feb 09 14:20:18 2020
Info: Command: quartus_map --read_settings_files=on --write_settings_files=off showchar -c showchar
Warning (18236): Number of processors has not been specified which may cause overloading on shared machines.  Set the global assignment NUM_PARALLEL_PROCESSORS in your QSF to an appropriate value for best performance.
Info (20030): Parallel compilation is enabled and will use 4 of the 4 processors detected
Info (12021): Found 2 design units, including 1 entities, in source file showchar.vhd
    Info (12022): Found design unit 1: showchar-flow File: C:/Users/pan39/Desktop/fpga/showchar/showchar.vhd Line: 14
    Info (12023): Found entity 1: showchar File: C:/Users/pan39/Desktop/fpga/showchar/showchar.vhd Line: 5
Info (12021): Found 2 design units, including 1 entities, in source file fd.vhd
    Info (12022): Found design unit 1: fd-flow File: C:/Users/pan39/Desktop/fpga/showchar/fd.vhd Line: 13
    Info (12023): Found entity 1: fd File: C:/Users/pan39/Desktop/fpga/showchar/fd.vhd Line: 5
Info (12021): Found 2 design units, including 1 entities, in source file decoder.vhd
    Info (12022): Found design unit 1: decoder-bea File: C:/Users/pan39/Desktop/fpga/showchar/decoder.vhd Line: 10
    Info (12023): Found entity 1: decoder File: C:/Users/pan39/Desktop/fpga/showchar/decoder.vhd Line: 4
Info (12127): Elaborating entity "showchar" for the top level hierarchy
Info (10041): Inferred latch for "num[0]" at showchar.vhd(76) File: C:/Users/pan39/Desktop/fpga/showchar/showchar.vhd Line: 76
Info (10041): Inferred latch for "num[1]" at showchar.vhd(76) File: C:/Users/pan39/Desktop/fpga/showchar/showchar.vhd Line: 76
Info (10041): Inferred latch for "num[2]" at showchar.vhd(76) File: C:/Users/pan39/Desktop/fpga/showchar/showchar.vhd Line: 76
Info (10041): Inferred latch for "num[3]" at showchar.vhd(76) File: C:/Users/pan39/Desktop/fpga/showchar/showchar.vhd Line: 76
Info (12128): Elaborating entity "decoder" for hierarchy "decoder:de1" File: C:/Users/pan39/Desktop/fpga/showchar/showchar.vhd Line: 82
Info (12128): Elaborating entity "fd" for hierarchy "fd:f1" File: C:/Users/pan39/Desktop/fpga/showchar/showchar.vhd Line: 83
Warning (13034): The following nodes have both tri-state and non-tri-state drivers
    Warning (13035): Inserted always-enabled tri-state buffer between "test" and its non-tri-state driver. File: C:/Users/pan39/Desktop/fpga/showchar/showchar.vhd Line: 9
Info (13060): One or more bidirectional pins are fed by always enabled tri-state buffers
    Info (13061): Fan-out of permanently enabled tri-state buffer feeding bidirectional pin "test" is moved to its source File: C:/Users/pan39/Desktop/fpga/showchar/showchar.vhd Line: 9
Warning (13012): Latch num[0] has unsafe behavior File: C:/Users/pan39/Desktop/fpga/showchar/showchar.vhd Line: 76
    Warning (13013): Ports D and ENA on the latch are fed by the same signal choose[3] File: C:/Users/pan39/Desktop/fpga/showchar/showchar.vhd Line: 67
Warning (13012): Latch num[1] has unsafe behavior File: C:/Users/pan39/Desktop/fpga/showchar/showchar.vhd Line: 76
    Warning (13013): Ports D and ENA on the latch are fed by the same signal choose[3] File: C:/Users/pan39/Desktop/fpga/showchar/showchar.vhd Line: 67
Warning (13012): Latch num[2] has unsafe behavior File: C:/Users/pan39/Desktop/fpga/showchar/showchar.vhd Line: 76
    Warning (13013): Ports D and ENA on the latch are fed by the same signal choose[3] File: C:/Users/pan39/Desktop/fpga/showchar/showchar.vhd Line: 67
Warning (13012): Latch num[3] has unsafe behavior File: C:/Users/pan39/Desktop/fpga/showchar/showchar.vhd Line: 76
    Warning (13013): Ports D and ENA on the latch are fed by the same signal choose[3] File: C:/Users/pan39/Desktop/fpga/showchar/showchar.vhd Line: 67
Warning (13009): TRI or OPNDRN buffers permanently enabled
    Warning (13010): Node "test~synth" File: C:/Users/pan39/Desktop/fpga/showchar/showchar.vhd Line: 9
Warning (13024): Output pins are stuck at VCC or GND
    Warning (13410): Pin "hex[7]" is stuck at VCC File: C:/Users/pan39/Desktop/fpga/showchar/showchar.vhd Line: 7
Info (286030): Timing-Driven Synthesis is running
Info (16010): Generating hard_block partition "hard_block:auto_generated_inst"
    Info (16011): Adding 0 node(s), including 0 DDIO, 0 PLL, 0 transceiver and 0 LCELL
Info (21057): Implemented 270 device resources after synthesis - the final resource count might be different
    Info (21058): Implemented 1 input pins
    Info (21059): Implemented 14 output pins
    Info (21060): Implemented 1 bidirectional pins
    Info (21061): Implemented 254 logic cells
Info: Quartus Prime Analysis & Synthesis was successful. 0 errors, 15 warnings
    Info: Peak virtual memory: 4798 megabytes
    Info: Processing ended: Sun Feb 09 14:20:35 2020
    Info: Elapsed time: 00:00:17
    Info: Total CPU time (on all processors): 00:00:30


